Using pre-set license
Built from '2020.3/staging' branch; Version is '2020.3.38f1 (8f5fde82e2dc) revision 9396190'; Using compiler version '192528614'; Build Type 'Release'
OS: 'Windows 10  (10.0.19043) 64bit Core' Language: 'en' Physical Memory: 15742 MB
BatchMode: 1, IsHumanControllingUs: 0, StartBugReporterOnCrash: 0, Is64bit: 1, IsPro: 0

COMMAND LINE ARGUMENTS:
C:\Program Files\Unity\Hub\Editor\2020.3.38f1\Editor\Unity.exe
-adb2
-batchMode
-noUpm
-name
AssetImportWorker0
-projectPath
C:/Users/maizy/Capstone Prototype/Face Filter
-logFile
Logs/AssetImportWorker0.log
-srvPort
57721
Successfully changed project path to: C:/Users/maizy/Capstone Prototype/Face Filter
C:/Users/maizy/Capstone Prototype/Face Filter
Using Asset Import Pipeline V2.
Refreshing native plugins compatible for Editor in 42.06 ms, found 2 plugins.
Preloading 0 native plugins for Editor in 0.00 ms.
Initialize engine version: 2020.3.38f1 (8f5fde82e2dc)
[Subsystems] Discovering subsystems at path C:/Program Files/Unity/Hub/Editor/2020.3.38f1/Editor/Data/Resources/UnitySubsystems
[Subsystems] Discovering subsystems at path C:/Users/maizy/Capstone Prototype/Face Filter/Assets
GfxDevice: creating device client; threaded=0
Direct3D:
    Version:  Direct3D 11.0 [level 11.1]
    Renderer: AMD Radeon(TM) Graphics (ID=0x1636)
    Vendor:   
    VRAM:     7871 MB
    Driver:   27.20.21002.112
Initialize mono
Mono path[0] = 'C:/Program Files/Unity/Hub/Editor/2020.3.38f1/Editor/Data/Managed'
Mono path[1] = 'C:/Program Files/Unity/Hub/Editor/2020.3.38f1/Editor/Data/MonoBleedingEdge/lib/mono/unityjit'
Mono config path = 'C:/Program Files/Unity/Hub/Editor/2020.3.38f1/Editor/Data/MonoBleedingEdge/etc'
Using monoOptions --debugger-agent=transport=dt_socket,embedding=1,server=y,suspend=n,address=127.0.0.1:56444
Begin MonoManager ReloadAssembly
Registering precompiled unity dll's ...
Register platform support module: C:/Program Files/Unity/Hub/Editor/2020.3.38f1/Editor/Data/PlaybackEngines/WindowsStandaloneSupport/UnityEditor.WindowsStandalone.Extensions.dll
Registered in 0.002682 seconds.
Native extension for WindowsStandalone target not found
Refreshing native plugins compatible for Editor in 38.04 ms, found 2 plugins.
Preloading 0 native plugins for Editor in 0.00 ms.
Mono: successfully reloaded assembly
- Completed reload, in  0.554 seconds
Domain Reload Profiling:
	ReloadAssembly (554ms)
		BeginReloadAssembly (69ms)
			ExecutionOrderSort (0ms)
			DisableScriptedObjects (0ms)
			BackupInstance (0ms)
			ReleaseScriptingObjects (0ms)
			CreateAndSetChildDomain (1ms)
		EndReloadAssembly (410ms)
			LoadAssemblies (67ms)
			RebuildTransferFunctionScriptingTraits (0ms)
			SetupTypeCache (136ms)
			ReleaseScriptCaches (0ms)
			RebuildScriptCaches (29ms)
			SetupLoadedEditorAssemblies (152ms)
				LogAssemblyErrors (0ms)
				InitializePlatformSupportModulesInManaged (4ms)
				SetLoadedEditorAssemblies (0ms)
				RefreshPlugins (38ms)
				BeforeProcessingInitializeOnLoad (8ms)
				ProcessInitializeOnLoadAttributes (74ms)
				ProcessInitializeOnLoadMethodAttributes (27ms)
				AfterProcessingInitializeOnLoad (0ms)
				EditorAssembliesLoaded (0ms)
			ExecutionOrderSort2 (0ms)
			AwakeInstancesAfterBackupRestoration (0ms)
Platform modules already initialized, skipping
Registering precompiled user dll's ...
Registered in 0.004660 seconds.
Begin MonoManager ReloadAssembly
Native extension for WindowsStandalone target not found
Refreshing native plugins compatible for Editor in 36.82 ms, found 2 plugins.
Preloading 0 native plugins for Editor in 0.00 ms.
Mono: successfully reloaded assembly
- Completed reload, in  1.057 seconds
Domain Reload Profiling:
	ReloadAssembly (1059ms)
		BeginReloadAssembly (153ms)
			ExecutionOrderSort (0ms)
			DisableScriptedObjects (4ms)
			BackupInstance (0ms)
			ReleaseScriptingObjects (0ms)
			CreateAndSetChildDomain (22ms)
		EndReloadAssembly (843ms)
			LoadAssemblies (104ms)
			RebuildTransferFunctionScriptingTraits (0ms)
			SetupTypeCache (269ms)
			ReleaseScriptCaches (0ms)
			RebuildScriptCaches (46ms)
			SetupLoadedEditorAssemblies (321ms)
				LogAssemblyErrors (0ms)
				InitializePlatformSupportModulesInManaged (4ms)
				SetLoadedEditorAssemblies (0ms)
				RefreshPlugins (37ms)
				BeforeProcessingInitializeOnLoad (81ms)
				ProcessInitializeOnLoadAttributes (177ms)
				ProcessInitializeOnLoadMethodAttributes (12ms)
				AfterProcessingInitializeOnLoad (9ms)
				EditorAssembliesLoaded (0ms)
			ExecutionOrderSort2 (0ms)
			AwakeInstancesAfterBackupRestoration (2ms)
Platform modules already initialized, skipping
========================================================================
Worker process is ready to serve import requests
Launched and connected shader compiler UnityShaderCompiler.exe after 0.06 seconds
Refreshing native plugins compatible for Editor in 0.51 ms, found 2 plugins.
Preloading 0 native plugins for Editor in 0.00 ms.
Unloading 1950 Unused Serialized files (Serialized files now loaded: 0)
System memory in use before: 83.2 MB.
System memory in use after: 83.2 MB.

Unloading 20 unused Assets to reduce memory usage. Loaded Objects now: 2385.
Total: 3.674500 ms (FindLiveObjects: 0.181600 ms CreateObjectMapping: 0.045700 ms MarkObjects: 3.350300 ms  DeleteObjects: 0.095700 ms)

AssetImportParameters requested are different than current active one (requested -> active):
  custom:framework-win-MediaFoundation: 216162199b28c13a410421893ffa2e32 -> 
  custom:video-decoder-ogg-theora: a1e56fd34408186e4bbccfd4996cb3dc -> 
  custom:container-muxer-webm: aa71ff27fc2769a1b78a27578f13a17b -> 
  custom:container-demuxer-webm: 4f35f7cbe854078d1ac9338744f61a02 -> 
  custom:container-demuxer-ogg: 62fdf1f143b41e24485cea50d1cbac27 -> 
  custom:video-encoder-webm-vp8: eb34c28f22e8b96e1ab97ce403110664 -> 
  custom:video-codec-MediaFoundation-h265: 746d11721c4dcdbdad8f713fa42b33f4 -> 
  custom:video-decoder-webm-vp8: 9c59270c3fd7afecdb556c50c9e8de78 -> 
  custom:audio-decoder-ogg-vorbis: bf7c407c2cedff20999df2af8eb42d56 -> 
  custom:audio-encoder-webm-vorbis: bf7c407c2cedff20999df2af8eb42d56 -> 
========================================================================
Received Import Request.
  path: Assets/Materials
  artifactKey: Guid(4c799b4e55efef84aa53f3dabb1d17de) Importer(815301076,1909f56bfc062723c751e8b465ee728b)
Start importing Assets/Materials using Guid(4c799b4e55efef84aa53f3dabb1d17de) Importer(815301076,1909f56bfc062723c751e8b465ee728b)  -> (artifact id: 'af8081c1ef171e038286d13ded3812f0') in 0.010607 seconds 
========================================================================
Received Import Request.
  Time since last request: 5.587596 seconds.
  path: Assets/Texttures
  artifactKey: Guid(503f315c1c952d041a0330a44976f7af) Importer(815301076,1909f56bfc062723c751e8b465ee728b)
Start importing Assets/Texttures using Guid(503f315c1c952d041a0330a44976f7af) Importer(815301076,1909f56bfc062723c751e8b465ee728b)  -> (artifact id: '7904de65476bdec40dc882fd6208e1f5') in 0.007928 seconds 
========================================================================
Received Import Request.
  Time since last request: 7.608715 seconds.
  path: Assets/Prefabs
  artifactKey: Guid(b8fdf9177b32bdf44ab427d96885d0c6) Importer(815301076,1909f56bfc062723c751e8b465ee728b)
Start importing Assets/Prefabs using Guid(b8fdf9177b32bdf44ab427d96885d0c6) Importer(815301076,1909f56bfc062723c751e8b465ee728b)  -> (artifact id: 'aef62881eeac59b95d9c41eeb480893e') in 0.007785 seconds 
========================================================================
Received Import Request.
  Time since last request: 13.168547 seconds.
  path: Assets/Texttures/makeup1.png
  artifactKey: Guid(5aa2f9ae57470d345a2310e1d6c9387c) Importer(815301076,1909f56bfc062723c751e8b465ee728b)
Start importing Assets/Texttures/makeup1.png using Guid(5aa2f9ae57470d345a2310e1d6c9387c) Importer(815301076,1909f56bfc062723c751e8b465ee728b)  -> (artifact id: '2d6f1725a1abb40190caf65ab0a6b02a') in 0.077969 seconds 
========================================================================
Received Import Request.
  Time since last request: 0.000428 seconds.
  path: Assets/Texttures/mustache.png
  artifactKey: Guid(2d303f5aae678d24884864d90828b035) Importer(815301076,1909f56bfc062723c751e8b465ee728b)
Start importing Assets/Texttures/mustache.png using Guid(2d303f5aae678d24884864d90828b035) Importer(815301076,1909f56bfc062723c751e8b465ee728b)  -> (artifact id: '6f32973dc78f190bf447ce74d2c3a3c5') in 0.016959 seconds 
========================================================================
Received Import Request.
  Time since last request: 8.828239 seconds.
  path: Assets/Texttures/makeup1.png
  artifactKey: Guid(5aa2f9ae57470d345a2310e1d6c9387c) Importer(815301076,1909f56bfc062723c751e8b465ee728b)
Start importing Assets/Texttures/makeup1.png using Guid(5aa2f9ae57470d345a2310e1d6c9387c) Importer(815301076,1909f56bfc062723c751e8b465ee728b)  -> (artifact id: '196b171507a0057f8e7732699a35e65f') in 0.015604 seconds 
========================================================================
Received Import Request.
  Time since last request: 7.004301 seconds.
  path: Assets/Texttures/mustache.png
  artifactKey: Guid(2d303f5aae678d24884864d90828b035) Importer(815301076,1909f56bfc062723c751e8b465ee728b)
Start importing Assets/Texttures/mustache.png using Guid(2d303f5aae678d24884864d90828b035) Importer(815301076,1909f56bfc062723c751e8b465ee728b)  -> (artifact id: 'f776c3e83361e44d80a00ac8c94ef1e0') in 0.012253 seconds 
========================================================================
Received Import Request.
  Time since last request: 13.821436 seconds.
  path: Assets/Materials/Makeup.mat
  artifactKey: Guid(b14f57dbfc0addb4fb0a488ad1cce27b) Importer(815301076,1909f56bfc062723c751e8b465ee728b)
Start importing Assets/Materials/Makeup.mat using Guid(b14f57dbfc0addb4fb0a488ad1cce27b) Importer(815301076,1909f56bfc062723c751e8b465ee728b)  -> (artifact id: 'a6bc568083327af3614be6d71736ddb4') in 0.068676 seconds 
========================================================================
Received Import Request.
  Time since last request: 21.762863 seconds.
  path: Assets/Materials/Mustaches.mat
  artifactKey: Guid(798f5f5b3b98d7b4581639dc0ca99121) Importer(815301076,1909f56bfc062723c751e8b465ee728b)
Start importing Assets/Materials/Mustaches.mat using Guid(798f5f5b3b98d7b4581639dc0ca99121) Importer(815301076,1909f56bfc062723c751e8b465ee728b)  -> (artifact id: '0f2e3099dae62bd8ee7eaa45a45c0f53') in 0.017502 seconds 
========================================================================
Received Import Request.
  Time since last request: 7.313026 seconds.
  path: Assets/Materials/Mustache.mat
  artifactKey: Guid(798f5f5b3b98d7b4581639dc0ca99121) Importer(815301076,1909f56bfc062723c751e8b465ee728b)
Start importing Assets/Materials/Mustache.mat using Guid(798f5f5b3b98d7b4581639dc0ca99121) Importer(815301076,1909f56bfc062723c751e8b465ee728b)  -> (artifact id: 'fe47c10ca1d69ce994da2495e2f9e1b0') in 0.014519 seconds 
========================================================================
Received Import Request.
  Time since last request: 22.107130 seconds.
  path: Assets/Prefabs/Face.prefab
  artifactKey: Guid(70fb2d7dc0953be4da1a9e4f2edc49a2) Importer(815301076,1909f56bfc062723c751e8b465ee728b)
Start importing Assets/Prefabs/Face.prefab using Guid(70fb2d7dc0953be4da1a9e4f2edc49a2) Importer(815301076,1909f56bfc062723c751e8b465ee728b)  -> (artifact id: '08f190d583395b70a537faee25f24dc7') in 0.017338 seconds 
========================================================================
Received Import Request.
  Time since last request: 53.225716 seconds.
  path: Assets/Prefabs/Face.prefab
  artifactKey: Guid(70fb2d7dc0953be4da1a9e4f2edc49a2) Importer(815301076,1909f56bfc062723c751e8b465ee728b)
Start importing Assets/Prefabs/Face.prefab using Guid(70fb2d7dc0953be4da1a9e4f2edc49a2) Importer(815301076,1909f56bfc062723c751e8b465ee728b)  -> (artifact id: 'e7c61ab9c1964cea3e2a2b2dd457804a') in 0.008220 seconds 
========================================================================
Received Import Request.
  Time since last request: 3.110901 seconds.
  path: Assets/Prefabs/Face.prefab
  artifactKey: Guid(70fb2d7dc0953be4da1a9e4f2edc49a2) Importer(815301076,1909f56bfc062723c751e8b465ee728b)
Start importing Assets/Prefabs/Face.prefab using Guid(70fb2d7dc0953be4da1a9e4f2edc49a2) Importer(815301076,1909f56bfc062723c751e8b465ee728b)  -> (artifact id: '38e73422ca1b8096cdf034d301ec5b48') in 0.009387 seconds 
========================================================================
Received Import Request.
  Time since last request: 45.628998 seconds.
  path: Assets/Scripts
  artifactKey: Guid(3680381e4b8e0fe4588c3d52dca07213) Importer(815301076,1909f56bfc062723c751e8b465ee728b)
Start importing Assets/Scripts using Guid(3680381e4b8e0fe4588c3d52dca07213) Importer(815301076,1909f56bfc062723c751e8b465ee728b)  -> (artifact id: '4d813059b480acebc494c999ee0d5125') in 0.008072 seconds 
========================================================================
Received Import Request.
  Time since last request: 59.058180 seconds.
  path: Assets/Prefabs/Face.prefab
  artifactKey: Guid(70fb2d7dc0953be4da1a9e4f2edc49a2) Importer(815301076,1909f56bfc062723c751e8b465ee728b)
Start importing Assets/Prefabs/Face.prefab using Guid(70fb2d7dc0953be4da1a9e4f2edc49a2) Importer(815301076,1909f56bfc062723c751e8b465ee728b)  -> (artifact id: 'e07cd3efb7836702282414efed048fb8') in 0.006670 seconds 
========================================================================
Received Import Request.
  Time since last request: 5.945246 seconds.
  path: Assets/Prefabs/Face.prefab
  artifactKey: Guid(70fb2d7dc0953be4da1a9e4f2edc49a2) Importer(815301076,1909f56bfc062723c751e8b465ee728b)
Start importing Assets/Prefabs/Face.prefab using Guid(70fb2d7dc0953be4da1a9e4f2edc49a2) Importer(815301076,1909f56bfc062723c751e8b465ee728b)  -> (artifact id: '825855c717499e4543115a53b6101536') in 0.007516 seconds 
========================================================================
Received Import Request.
  Time since last request: 252.907718 seconds.
  path: Assets/Materials/Makeup.mat
  artifactKey: Guid(b14f57dbfc0addb4fb0a488ad1cce27b) Importer(815301076,1909f56bfc062723c751e8b465ee728b)
Start importing Assets/Materials/Makeup.mat using Guid(b14f57dbfc0addb4fb0a488ad1cce27b) Importer(815301076,1909f56bfc062723c751e8b465ee728b)  -> (artifact id: '615db378f6587e6c7409118a0e0b2e0c') in 0.054368 seconds 
========================================================================
Received Import Request.
  Time since last request: 0.000597 seconds.
  path: Assets/Materials/Mustache.mat
  artifactKey: Guid(798f5f5b3b98d7b4581639dc0ca99121) Importer(815301076,1909f56bfc062723c751e8b465ee728b)
Start importing Assets/Materials/Mustache.mat using Guid(798f5f5b3b98d7b4581639dc0ca99121) Importer(815301076,1909f56bfc062723c751e8b465ee728b)  -> (artifact id: '2ed4667de3887630cfb57b55d50ef53e') in 0.035228 seconds 
========================================================================
Received Import Request.
  Time since last request: 37.489448 seconds.
  path: Assets/Prefabs/Face.prefab
  artifactKey: Guid(70fb2d7dc0953be4da1a9e4f2edc49a2) Importer(815301076,1909f56bfc062723c751e8b465ee728b)
Start importing Assets/Prefabs/Face.prefab using Guid(70fb2d7dc0953be4da1a9e4f2edc49a2) Importer(815301076,1909f56bfc062723c751e8b465ee728b)  -> (artifact id: '8b3858affd9e5bb09c6b0d8dce9a27b9') in 0.014493 seconds 
========================================================================
Received Import Request.
  Time since last request: 211.100337 seconds.
  path: Assets/Scripts/FaceSwapBehaviour.cs
  artifactKey: Guid(a554b057f29c6c54d8fab36bbc81dd96) Importer(815301076,1909f56bfc062723c751e8b465ee728b)
Start importing Assets/Scripts/FaceSwapBehaviour.cs using Guid(a554b057f29c6c54d8fab36bbc81dd96) Importer(815301076,1909f56bfc062723c751e8b465ee728b)  -> (artifact id: 'e62c20c5086838baf9c464781f50540a') in 0.036859 seconds 
========================================================================
Received Prepare
Registering precompiled user dll's ...
Registered in 0.007487 seconds.
Begin MonoManager ReloadAssembly
Native extension for WindowsStandalone target not found
Refreshing native plugins compatible for Editor in 0.74 ms, found 2 plugins.
Preloading 0 native plugins for Editor in 0.00 ms.
Mono: successfully reloaded assembly
- Completed reload, in  1.609 seconds
Domain Reload Profiling:
	ReloadAssembly (1609ms)
		BeginReloadAssembly (193ms)
			ExecutionOrderSort (0ms)
			DisableScriptedObjects (6ms)
			BackupInstance (0ms)
			ReleaseScriptingObjects (0ms)
			CreateAndSetChildDomain (50ms)
		EndReloadAssembly (1312ms)
			LoadAssemblies (171ms)
			RebuildTransferFunctionScriptingTraits (0ms)
			SetupTypeCache (464ms)
			ReleaseScriptCaches (1ms)
			RebuildScriptCaches (62ms)
			SetupLoadedEditorAssemblies (501ms)
				LogAssemblyErrors (0ms)
				InitializePlatformSupportModulesInManaged (8ms)
				SetLoadedEditorAssemblies (1ms)
				RefreshPlugins (1ms)
				BeforeProcessingInitializeOnLoad (124ms)
				ProcessInitializeOnLoadAttributes (329ms)
				ProcessInitializeOnLoadMethodAttributes (22ms)
				AfterProcessingInitializeOnLoad (16ms)
				EditorAssembliesLoaded (1ms)
			ExecutionOrderSort2 (0ms)
			AwakeInstancesAfterBackupRestoration (4ms)
Platform modules already initialized, skipping
Refreshing native plugins compatible for Editor in 0.63 ms, found 2 plugins.
Preloading 0 native plugins for Editor in 0.00 ms.
Unloading 1939 Unused Serialized files (Serialized files now loaded: 0)
System memory in use before: 86.2 MB.
System memory in use after: 86.2 MB.

Unloading 15 unused Assets to reduce memory usage. Loaded Objects now: 2433.
Total: 4.856600 ms (FindLiveObjects: 0.296700 ms CreateObjectMapping: 0.137700 ms MarkObjects: 4.328400 ms  DeleteObjects: 0.092000 ms)

AssetImportParameters requested are different than current active one (requested -> active):
  custom:framework-win-MediaFoundation: 216162199b28c13a410421893ffa2e32 -> 
  custom:video-decoder-ogg-theora: a1e56fd34408186e4bbccfd4996cb3dc -> 
  custom:container-muxer-webm: aa71ff27fc2769a1b78a27578f13a17b -> 
  custom:container-demuxer-webm: 4f35f7cbe854078d1ac9338744f61a02 -> 
  custom:container-demuxer-ogg: 62fdf1f143b41e24485cea50d1cbac27 -> 
  custom:video-encoder-webm-vp8: eb34c28f22e8b96e1ab97ce403110664 -> 
  custom:video-codec-MediaFoundation-h265: 746d11721c4dcdbdad8f713fa42b33f4 -> 
  custom:video-decoder-webm-vp8: 9c59270c3fd7afecdb556c50c9e8de78 -> 
  custom:audio-decoder-ogg-vorbis: bf7c407c2cedff20999df2af8eb42d56 -> 
  custom:audio-encoder-webm-vorbis: bf7c407c2cedff20999df2af8eb42d56 -> 
========================================================================
Received Prepare
Registering precompiled user dll's ...
Registered in 0.007656 seconds.
Begin MonoManager ReloadAssembly
Native extension for WindowsStandalone target not found
Refreshing native plugins compatible for Editor in 0.66 ms, found 2 plugins.
Preloading 0 native plugins for Editor in 0.00 ms.
Mono: successfully reloaded assembly
- Completed reload, in  1.536 seconds
Domain Reload Profiling:
	ReloadAssembly (1537ms)
		BeginReloadAssembly (193ms)
			ExecutionOrderSort (0ms)
			DisableScriptedObjects (6ms)
			BackupInstance (0ms)
			ReleaseScriptingObjects (0ms)
			CreateAndSetChildDomain (48ms)
		EndReloadAssembly (1241ms)
			LoadAssemblies (182ms)
			RebuildTransferFunctionScriptingTraits (0ms)
			SetupTypeCache (407ms)
			ReleaseScriptCaches (1ms)
			RebuildScriptCaches (59ms)
			SetupLoadedEditorAssemblies (483ms)
				LogAssemblyErrors (0ms)
				InitializePlatformSupportModulesInManaged (14ms)
				SetLoadedEditorAssemblies (1ms)
				RefreshPlugins (1ms)
				BeforeProcessingInitializeOnLoad (123ms)
				ProcessInitializeOnLoadAttributes (305ms)
				ProcessInitializeOnLoadMethodAttributes (23ms)
				AfterProcessingInitializeOnLoad (16ms)
				EditorAssembliesLoaded (0ms)
			ExecutionOrderSort2 (0ms)
			AwakeInstancesAfterBackupRestoration (3ms)
Platform modules already initialized, skipping
Refreshing native plugins compatible for Editor in 0.63 ms, found 2 plugins.
Preloading 0 native plugins for Editor in 0.00 ms.
Unloading 1939 Unused Serialized files (Serialized files now loaded: 0)
System memory in use before: 86.2 MB.
System memory in use after: 86.3 MB.

Unloading 15 unused Assets to reduce memory usage. Loaded Objects now: 2437.
Total: 5.287800 ms (FindLiveObjects: 0.218900 ms CreateObjectMapping: 0.070800 ms MarkObjects: 4.904700 ms  DeleteObjects: 0.092000 ms)

AssetImportParameters requested are different than current active one (requested -> active):
  custom:framework-win-MediaFoundation: 216162199b28c13a410421893ffa2e32 -> 
  custom:video-decoder-ogg-theora: a1e56fd34408186e4bbccfd4996cb3dc -> 
  custom:container-muxer-webm: aa71ff27fc2769a1b78a27578f13a17b -> 
  custom:container-demuxer-webm: 4f35f7cbe854078d1ac9338744f61a02 -> 
  custom:container-demuxer-ogg: 62fdf1f143b41e24485cea50d1cbac27 -> 
  custom:video-encoder-webm-vp8: eb34c28f22e8b96e1ab97ce403110664 -> 
  custom:video-codec-MediaFoundation-h265: 746d11721c4dcdbdad8f713fa42b33f4 -> 
  custom:video-decoder-webm-vp8: 9c59270c3fd7afecdb556c50c9e8de78 -> 
  custom:audio-decoder-ogg-vorbis: bf7c407c2cedff20999df2af8eb42d56 -> 
  custom:audio-encoder-webm-vorbis: bf7c407c2cedff20999df2af8eb42d56 -> 
========================================================================
Received Import Request.
  Time since last request: 131.649417 seconds.
  path: Assets/Scripts/FaceSwapBehaviour.cs
  artifactKey: Guid(a554b057f29c6c54d8fab36bbc81dd96) Importer(815301076,1909f56bfc062723c751e8b465ee728b)
Start importing Assets/Scripts/FaceSwapBehaviour.cs using Guid(a554b057f29c6c54d8fab36bbc81dd96) Importer(815301076,1909f56bfc062723c751e8b465ee728b)  -> (artifact id: '1ff801241ceb900ce28047263c102306') in 0.008475 seconds 
========================================================================
Received Import Request.
  Time since last request: 72.871716 seconds.
  path: Assets/XR/Loaders/AR Core Loader.asset
  artifactKey: Guid(83bf01f1374afae458a441851d4c6ca8) Importer(815301076,1909f56bfc062723c751e8b465ee728b)
Start importing Assets/XR/Loaders/AR Core Loader.asset using Guid(83bf01f1374afae458a441851d4c6ca8) Importer(815301076,1909f56bfc062723c751e8b465ee728b)  -> (artifact id: 'f884cfeeef81ad1893eb4aef92e951fd') in 0.035642 seconds 
========================================================================
Received Import Request.
  Time since last request: 0.000641 seconds.
  path: Assets/XR/Settings/AR Kit Settings.asset
  artifactKey: Guid(5a506f57f69d27846a38f9b928216c18) Importer(815301076,1909f56bfc062723c751e8b465ee728b)
Start importing Assets/XR/Settings/AR Kit Settings.asset using Guid(5a506f57f69d27846a38f9b928216c18) Importer(815301076,1909f56bfc062723c751e8b465ee728b)  -> (artifact id: '496899cc717eace97c2d8fe6eae6ba0c') in 0.020757 seconds 
========================================================================
Received Import Request.
  Time since last request: 0.000579 seconds.
  path: Assets/XR/Settings/AR Core Settings.asset
  artifactKey: Guid(f7dd2cc84031712449563c3285db5490) Importer(815301076,1909f56bfc062723c751e8b465ee728b)
Start importing Assets/XR/Settings/AR Core Settings.asset using Guid(f7dd2cc84031712449563c3285db5490) Importer(815301076,1909f56bfc062723c751e8b465ee728b)  -> (artifact id: 'f33f3fe40f2351494f5d96a51de7d3bc') in 0.016611 seconds 
========================================================================
Received Import Request.
  Time since last request: 0.000745 seconds.
  path: Assets/XR/Loaders/AR Kit Loader.asset
  artifactKey: Guid(58d600b898e7b574baef5bec3abf71c3) Importer(815301076,1909f56bfc062723c751e8b465ee728b)
Start importing Assets/XR/Loaders/AR Kit Loader.asset using Guid(58d600b898e7b574baef5bec3abf71c3) Importer(815301076,1909f56bfc062723c751e8b465ee728b)  -> (artifact id: '792d50620963f6ca66d7f6de8f34f6b9') in 0.016137 seconds 
========================================================================
Received Prepare
Registering precompiled user dll's ...
Registered in 0.004308 seconds.
Begin MonoManager ReloadAssembly
Native extension for WindowsStandalone target not found
Refreshing native plugins compatible for Editor in 0.49 ms, found 2 plugins.
Preloading 0 native plugins for Editor in 0.00 ms.
Mono: successfully reloaded assembly
- Completed reload, in  1.038 seconds
Domain Reload Profiling:
	ReloadAssembly (1038ms)
		BeginReloadAssembly (133ms)
			ExecutionOrderSort (0ms)
			DisableScriptedObjects (4ms)
			BackupInstance (0ms)
			ReleaseScriptingObjects (0ms)
			CreateAndSetChildDomain (39ms)
		EndReloadAssembly (840ms)
			LoadAssemblies (118ms)
			RebuildTransferFunctionScriptingTraits (0ms)
			SetupTypeCache (276ms)
			ReleaseScriptCaches (1ms)
			RebuildScriptCaches (38ms)
			SetupLoadedEditorAssemblies (301ms)
				LogAssemblyErrors (0ms)
				InitializePlatformSupportModulesInManaged (4ms)
				SetLoadedEditorAssemblies (0ms)
				RefreshPlugins (1ms)
				BeforeProcessingInitializeOnLoad (74ms)
				ProcessInitializeOnLoadAttributes (199ms)
				ProcessInitializeOnLoadMethodAttributes (13ms)
				AfterProcessingInitializeOnLoad (9ms)
				EditorAssembliesLoaded (0ms)
			ExecutionOrderSort2 (0ms)
			AwakeInstancesAfterBackupRestoration (2ms)
Platform modules already initialized, skipping
Switching build target platform(19) subTarget(0) extendedPlatform(0) -> platform(13) subTarget(537395200) extendedPlatform(0)
Refreshing native plugins compatible for Editor in 0.48 ms, found 2 plugins.
Preloading 0 native plugins for Editor in 0.00 ms.
Unloading 1943 Unused Serialized files (Serialized files now loaded: 0)
System memory in use before: 86.2 MB.
System memory in use after: 86.3 MB.

Unloading 15 unused Assets to reduce memory usage. Loaded Objects now: 2441.
Total: 3.520200 ms (FindLiveObjects: 0.242200 ms CreateObjectMapping: 0.089300 ms MarkObjects: 3.101200 ms  DeleteObjects: 0.085600 ms)

AssetImportParameters requested are different than current active one (requested -> active):
  custom:framework-win-MediaFoundation: 216162199b28c13a410421893ffa2e32 -> 
  custom:video-decoder-ogg-theora: a1e56fd34408186e4bbccfd4996cb3dc -> 
  custom:container-muxer-webm: aa71ff27fc2769a1b78a27578f13a17b -> 
  custom:container-demuxer-webm: 4f35f7cbe854078d1ac9338744f61a02 -> 
  custom:container-demuxer-ogg: 62fdf1f143b41e24485cea50d1cbac27 -> 
  custom:video-encoder-webm-vp8: eb34c28f22e8b96e1ab97ce403110664 -> 
  custom:video-codec-MediaFoundation-h265: 746d11721c4dcdbdad8f713fa42b33f4 -> 
  custom:video-decoder-webm-vp8: 9c59270c3fd7afecdb556c50c9e8de78 -> 
  custom:graphics/normal-map-encoding: 01000000000000000000000000000000 -> 02000000000000000000000000000000
  custom:audio-decoder-ogg-vorbis: bf7c407c2cedff20999df2af8eb42d56 -> 
  custom:audio-encoder-webm-vorbis: bf7c407c2cedff20999df2af8eb42d56 -> 
========================================================================
Received Prepare
Refreshing native plugins compatible for Editor in 4.22 ms, found 2 plugins.
Preloading 0 native plugins for Editor in 0.00 ms.
Unloading 12 Unused Serialized files (Serialized files now loaded: 0)
System memory in use before: 47.6 MB.
System memory in use after: 47.6 MB.

Unloading 12 unused Assets to reduce memory usage. Loaded Objects now: 2441.
Total: 3.021300 ms (FindLiveObjects: 0.192600 ms CreateObjectMapping: 0.045200 ms MarkObjects: 2.709900 ms  DeleteObjects: 0.072800 ms)

AssetImportParameters requested are different than current active one (requested -> active):
  custom:framework-win-MediaFoundation: 216162199b28c13a410421893ffa2e32 -> 
  custom:video-decoder-ogg-theora: a1e56fd34408186e4bbccfd4996cb3dc -> 
  custom:container-muxer-webm: aa71ff27fc2769a1b78a27578f13a17b -> 
  custom:container-demuxer-webm: 4f35f7cbe854078d1ac9338744f61a02 -> 
  custom:container-demuxer-ogg: 62fdf1f143b41e24485cea50d1cbac27 -> 
  custom:video-encoder-webm-vp8: eb34c28f22e8b96e1ab97ce403110664 -> 
  custom:video-codec-MediaFoundation-h265: 746d11721c4dcdbdad8f713fa42b33f4 -> 
  custom:video-decoder-webm-vp8: 9c59270c3fd7afecdb556c50c9e8de78 -> 
  custom:audio-decoder-ogg-vorbis: bf7c407c2cedff20999df2af8eb42d56 -> 
  custom:audio-encoder-webm-vorbis: bf7c407c2cedff20999df2af8eb42d56 -> 
========================================================================
Received Prepare
Switching build target platform(13) subTarget(537395200) extendedPlatform(0) -> platform(13) subTarget(524288) extendedPlatform(0)
Refreshing native plugins compatible for Editor in 4.17 ms, found 2 plugins.
Preloading 0 native plugins for Editor in 0.00 ms.
Unloading 12 Unused Serialized files (Serialized files now loaded: 0)
System memory in use before: 47.6 MB.
System memory in use after: 47.6 MB.

Unloading 12 unused Assets to reduce memory usage. Loaded Objects now: 2441.
Total: 3.543900 ms (FindLiveObjects: 0.186800 ms CreateObjectMapping: 0.043900 ms MarkObjects: 3.232300 ms  DeleteObjects: 0.079900 ms)

AssetImportParameters requested are different than current active one (requested -> active):
  buildTarget: platform 13, subtarget 524288, extendedPlatform 0 -> platform 13, subtarget 537395200, extendedPlatform 0
  graphicsApiMask: 2048 -> 2099200
  custom:framework-win-MediaFoundation: 216162199b28c13a410421893ffa2e32 -> 
  custom:video-decoder-ogg-theora: a1e56fd34408186e4bbccfd4996cb3dc -> 
  custom:container-muxer-webm: aa71ff27fc2769a1b78a27578f13a17b -> 
  custom:container-demuxer-webm: 4f35f7cbe854078d1ac9338744f61a02 -> 
  custom:container-demuxer-ogg: 62fdf1f143b41e24485cea50d1cbac27 -> 
  custom:video-encoder-webm-vp8: eb34c28f22e8b96e1ab97ce403110664 -> 
  custom:video-codec-MediaFoundation-h265: 746d11721c4dcdbdad8f713fa42b33f4 -> 
  custom:video-decoder-webm-vp8: 9c59270c3fd7afecdb556c50c9e8de78 -> 
  custom:audio-decoder-ogg-vorbis: bf7c407c2cedff20999df2af8eb42d56 -> 
  custom:audio-encoder-webm-vorbis: bf7c407c2cedff20999df2af8eb42d56 -> 
========================================================================
Received Prepare
Refreshing native plugins compatible for Editor in 5.76 ms, found 2 plugins.
Preloading 0 native plugins for Editor in 0.00 ms.
Unloading 12 Unused Serialized files (Serialized files now loaded: 0)
System memory in use before: 47.6 MB.
System memory in use after: 47.7 MB.

Unloading 11 unused Assets to reduce memory usage. Loaded Objects now: 2442.
Total: 4.280800 ms (FindLiveObjects: 0.221700 ms CreateObjectMapping: 0.068700 ms MarkObjects: 3.907400 ms  DeleteObjects: 0.081600 ms)

AssetImportParameters requested are different than current active one (requested -> active):
  custom:framework-win-MediaFoundation: 216162199b28c13a410421893ffa2e32 -> 
  custom:video-decoder-ogg-theora: a1e56fd34408186e4bbccfd4996cb3dc -> 
  custom:container-muxer-webm: aa71ff27fc2769a1b78a27578f13a17b -> 
  custom:container-demuxer-webm: 4f35f7cbe854078d1ac9338744f61a02 -> 
  custom:container-demuxer-ogg: 62fdf1f143b41e24485cea50d1cbac27 -> 
  custom:video-encoder-webm-vp8: eb34c28f22e8b96e1ab97ce403110664 -> 
  custom:video-codec-MediaFoundation-h265: 746d11721c4dcdbdad8f713fa42b33f4 -> 
  custom:video-decoder-webm-vp8: 9c59270c3fd7afecdb556c50c9e8de78 -> 
  custom:audio-decoder-ogg-vorbis: bf7c407c2cedff20999df2af8eb42d56 -> 
  custom:audio-encoder-webm-vorbis: bf7c407c2cedff20999df2af8eb42d56 -> 
========================================================================
Received Prepare
Refreshing native plugins compatible for Editor in 5.70 ms, found 2 plugins.
Preloading 0 native plugins for Editor in 0.00 ms.
Unloading 11 Unused Serialized files (Serialized files now loaded: 0)
System memory in use before: 47.5 MB.
System memory in use after: 47.6 MB.

Unloading 11 unused Assets to reduce memory usage. Loaded Objects now: 2442.
Total: 4.765000 ms (FindLiveObjects: 0.220600 ms CreateObjectMapping: 0.071300 ms MarkObjects: 4.377600 ms  DeleteObjects: 0.094200 ms)

AssetImportParameters requested are different than current active one (requested -> active):
  custom:framework-win-MediaFoundation: 216162199b28c13a410421893ffa2e32 -> 
  custom:video-decoder-ogg-theora: a1e56fd34408186e4bbccfd4996cb3dc -> 
  custom:container-muxer-webm: aa71ff27fc2769a1b78a27578f13a17b -> 
  custom:container-demuxer-webm: 4f35f7cbe854078d1ac9338744f61a02 -> 
  custom:container-demuxer-ogg: 62fdf1f143b41e24485cea50d1cbac27 -> 
  custom:video-encoder-webm-vp8: eb34c28f22e8b96e1ab97ce403110664 -> 
  custom:video-codec-MediaFoundation-h265: 746d11721c4dcdbdad8f713fa42b33f4 -> 
  custom:video-decoder-webm-vp8: 9c59270c3fd7afecdb556c50c9e8de78 -> 
  custom:audio-decoder-ogg-vorbis: bf7c407c2cedff20999df2af8eb42d56 -> 
  custom:audio-encoder-webm-vorbis: bf7c407c2cedff20999df2af8eb42d56 -> 
========================================================================
Received Prepare
Registering precompiled user dll's ...
Registered in 0.004262 seconds.
Begin MonoManager ReloadAssembly
Native extension for WindowsStandalone target not found
Refreshing native plugins compatible for Editor in 0.51 ms, found 2 plugins.
Preloading 0 native plugins for Editor in 0.00 ms.
Mono: successfully reloaded assembly
- Completed reload, in  1.080 seconds
Domain Reload Profiling:
	ReloadAssembly (1083ms)
		BeginReloadAssembly (202ms)
			ExecutionOrderSort (0ms)
			DisableScriptedObjects (14ms)
			BackupInstance (0ms)
			ReleaseScriptingObjects (0ms)
			CreateAndSetChildDomain (76ms)
		EndReloadAssembly (816ms)
			LoadAssemblies (119ms)
			RebuildTransferFunctionScriptingTraits (0ms)
			SetupTypeCache (251ms)
			ReleaseScriptCaches (1ms)
			RebuildScriptCaches (36ms)
			SetupLoadedEditorAssemblies (299ms)
				LogAssemblyErrors (0ms)
				InitializePlatformSupportModulesInManaged (4ms)
				SetLoadedEditorAssemblies (1ms)
				RefreshPlugins (1ms)
				BeforeProcessingInitializeOnLoad (78ms)
				ProcessInitializeOnLoadAttributes (194ms)
				ProcessInitializeOnLoadMethodAttributes (13ms)
				AfterProcessingInitializeOnLoad (9ms)
				EditorAssembliesLoaded (0ms)
			ExecutionOrderSort2 (0ms)
			AwakeInstancesAfterBackupRestoration (2ms)
Platform modules already initialized, skipping
Switching build target platform(19) subTarget(0) extendedPlatform(0) -> platform(13) subTarget(524288) extendedPlatform(0)
Refreshing native plugins compatible for Editor in 0.49 ms, found 2 plugins.
Preloading 0 native plugins for Editor in 0.00 ms.
Unloading 1942 Unused Serialized files (Serialized files now loaded: 0)
System memory in use before: 86.1 MB.
System memory in use after: 86.2 MB.

Unloading 14 unused Assets to reduce memory usage. Loaded Objects now: 2446.
Total: 3.209500 ms (FindLiveObjects: 0.235900 ms CreateObjectMapping: 0.086600 ms MarkObjects: 2.800200 ms  DeleteObjects: 0.085100 ms)

AssetImportParameters requested are different than current active one (requested -> active):
  custom:framework-win-MediaFoundation: 216162199b28c13a410421893ffa2e32 -> 
  custom:video-decoder-ogg-theora: a1e56fd34408186e4bbccfd4996cb3dc -> 
  custom:container-muxer-webm: aa71ff27fc2769a1b78a27578f13a17b -> 
  custom:container-demuxer-webm: 4f35f7cbe854078d1ac9338744f61a02 -> 
  custom:container-demuxer-ogg: 62fdf1f143b41e24485cea50d1cbac27 -> 
  custom:video-encoder-webm-vp8: eb34c28f22e8b96e1ab97ce403110664 -> 
  custom:video-codec-MediaFoundation-h265: 746d11721c4dcdbdad8f713fa42b33f4 -> 
  custom:video-decoder-webm-vp8: 9c59270c3fd7afecdb556c50c9e8de78 -> 
  custom:graphics/normal-map-encoding: 01000000000000000000000000000000 -> 02000000000000000000000000000000
  custom:audio-decoder-ogg-vorbis: bf7c407c2cedff20999df2af8eb42d56 -> 
  custom:audio-encoder-webm-vorbis: bf7c407c2cedff20999df2af8eb42d56 -> 
========================================================================
Received Import Request.
  Time since last request: 109750.304186 seconds.
  path: Assets/Scripts/FaceSwapBehaviour.cs
  artifactKey: Guid(a554b057f29c6c54d8fab36bbc81dd96) Importer(815301076,1909f56bfc062723c751e8b465ee728b)
Start importing Assets/Scripts/FaceSwapBehaviour.cs using Guid(a554b057f29c6c54d8fab36bbc81dd96) Importer(815301076,1909f56bfc062723c751e8b465ee728b)  -> (artifact id: '7858bd495823c33e0e52dc6c82466cd9') in 0.009643 seconds 
AssetImportWorkerClient::OnTransportError - code=2 error=End of file
